Drill report for C:\dev\paddle\kicad\processor\processor.kicad_pcb
Created on 3/19/2018 9:37:35 PM

Copper Layer Stackup:
    =============================================================
    L1 :  F.Cu                      front
    L2 :  In1.Cu                    in1
    L3 :  In2.Cu                    in2
    L4 :  B.Cu                      back


Drill file 'processor-PTH.drl' contains
    plated through holes:
    =============================================================
    T1  0.40mm  0.016"  (66 holes)
    T2  0.50mm  0.020"  (63 holes)
    T3  0.80mm  0.031"  (10 holes)
    T4  1.00mm  0.039"  (4 holes)

    Total plated holes count 143


Drill file 'processor-NPTH.drl' contains
    unplated through holes:
    =============================================================
    T1  3.00mm  0.118"  (4 holes)

    Total unplated holes count 4
