Drill report for C:\dev\paddle\kicad\analog\analog.kicad_pcb
Created on 3/19/2018 9:57:59 PM

Copper Layer Stackup:
    =============================================================
    L1 :  F.Cu                      front
    L2 :  In1.Cu                    in1
    L3 :  In2.Cu                    in2
    L4 :  B.Cu                      back


Drill file 'analog-PTH.drl' contains
    plated through holes:
    =============================================================
    T1  0.40mm  0.016"  (77 holes)
    T2  0.60mm  0.024"  (38 holes)
    T3  0.70mm  0.028"  (10 holes)
    T4  0.80mm  0.031"  (4 holes)

    Total plated holes count 129


Drill file 'analog-NPTH.drl' contains
    unplated through holes:
    =============================================================
    T1  3.00mm  0.118"  (4 holes)

    Total unplated holes count 4
