Drill report for C:\dev\paddle\kicad\processor\processor.kicad_pcb
Created on 12/10/2017 9:28:52 PM

Copper Layer Stackup:
    =============================================================
    L1 :  F.Cu                      front
    L2 :  In1.Cu                    in1
    L3 :  In2.Cu                    in2
    L4 :  B.Cu                      back


Drill file 'processor-PTH.drl' contains
    plated through holes:
    =============================================================
    T1  0.40mm  0.016"  (55 holes)
    T2  0.50mm  0.020"  (75 holes)
    T3  1.00mm  0.039"  (4 holes)

    Total plated holes count 134


Drill file 'processor-NPTH.drl' contains
    unplated through holes:
    =============================================================
    T1  3.00mm  0.118"  (4 holes)

    Total unplated holes count 4
